Traceback (most recent call last):
  File "C:\Users\ASUS\Zntest\NEW-playwright-pytest-main\logs\_playback_tmp_34244cd0d5e04648bed05ee9ff4ce83f.py", line 10, in <module>
    exec(compile('import re\nfrom playwright.sync_api import Playwright, sync_playwright, expect\n\n\ndef run(playwright: Playwright) -> None:\n    browser = playwright.chromium.launch(headless=False)\n    context = browser.new_context()\n    page = context.new_page()\n    page.goto("https://dsep-portal-test.minmetals.com.cn/portal/signin")\n    page.get_by_placeholder("输入账号").click()\n    page.get_by_placeholder("输入账号").click()\n    page.get_by_placeholder("输入账号").click()\n    page.get_by_placeholder("输入账号").fill("zhangbaohua")\n    page.get_by_placeholder("输入密码").click()\n    page.get_by_placeholder("输入密码").fill("3657801987Aa!")\n    page.locator(".el-checkbox__inner").first.click()\n    page.get_by_role("button", name="登录").click()\n    page.get_by_role("menuitem", name="个人门户").click()\n    page.locator("div").filter(has_text=re.compile(r"^采购需求$")).get_by_role("img").click()\n    page.locator("path:nth-child(14)").first.click()\n    page.get_by_text("退出登录").click()\n    page.get_by_role("button", name="确定").click()\n\n    # ---------------------\n    context.close()\n    browser.close()\n\n\nwith sync_playwright() as playwright:\n    run(playwright)\n', "<playback_user>", "exec"), {"__name__": "__main__"})
    ~~~~^^^^^^^^^^^^^^^^^^^^^^^^^^^^^^^^^^^^^^^^^^^^^^^^^^^^^^^^^^^^^^^^^^^^^^^^^^^^^^^^^^^^^^^^^^^^^^^^^^^^^^^^^^^^^^^^^^^^^^^^^^^^^^^^^^^^^^^^^^^^^^^^^^^^^^^^^^^^^^^^^^^^^^^^^^^^^^^^^^^^^^^^^^^^^^^^^^^^^^^^^^^^^^^^^^^^^^^^^^^^^^^^^^^^^^^^^^^^^^^^^^^^^^^^^^^^^^^^^^^^^^^^^^^^^^^^^^^^^^^^^^^^^^^^^^^^^^^^^^^^^^^^^^^^^^^^^^^^^^^^^^^^^^^^^^^^^^^^^^^^^^^^^^^^^^^^^^^^^^^^^^^^^^^^^^^^^^^^^^^^^^^^^^^^^^^^^^^^^^^^^^^^^^^^^^^^^^^^^^^^^^^^^^^^^^^^^^^^^^^^^^^^^^^^^^^^^^^^^^^^^^^^^^^^^^^^^^^^^^^^^^^^^^^^^^^^^^^^^^^^^^^^^^^^^^^^^^^^^^^^^^^^^^^^^^^^^^^^^^^^^^^^^^^^^^^^^^^^^^^^^^^^^^^^^^^^^^^^^^^^^^^^^^^^^^^^^^^^^^^^^^^^^^^^^^^^^^^^^^^^^^^^^^^^^^^^^^^^^^^^^^^^^^^^^^^^^^^^^^^^^^^^^^^^^^^^^^^^^^^^^^^^^^^^^^^^^^^^^^^^^^^^^^^^^^^^^^^^^^^^^^^^^^^^^^^^^^^^^^^^^^^^^^^^^^^^^^^^^^^^^^^^^^^^^^^^^^^^^^^^^^^^^^^^^^^^^^^^^^^^^^^^^^^^^^^^^^^^^^^^^^^^^^^^^^^^^^^^^^^^^^^^^^^^^^^^^^^^^^^^^^^^^^^^^^^^^^^^^^^^^^^^^^^^^^^^^^^^^^^^^^^^^^^^^^^^^^^^^^^^^^^^^^^^^^^^^^^^^^^^^^^^^^^^^^^^^^^^^^^^^^^^^^^^^^^^^^^^^^^^^^^^^^^^^^^^^^^^^^^^^^^^^^^^^^^^^^^^^^^^^^^^^^^^^^^^^^^^^^^^^^^^^^^^^^^^^^^^^^^^^^^^^^^^^^^^^^^^^^^^^^^^^^^^^^^^^^^^^^^^^^^^^^^^^^^^^^^^^^^^^^^^^^^^^^^^^^^^^^^^^^^^^^^^^^^^^^^^^^^^^^^^^^^^^^^^^^^^^^^^^^^^^^^^^^^^^^^^^^^^^^^^^^^^^^^^^^^^^^^^^^^^^^^^^^^^^^^^^^^^^^^^^^^^^^^^^^^^^^^^
  File "<playback_user>", line 30, in <module>
  File "<playback_user>", line 9, in run
  File "C:\Users\ASUS\AppData\Local\Programs\Python\Python313\Lib\site-packages\playwright\sync_api\_generated.py", line 9002, in goto
    self._sync(
    ~~~~~~~~~~^
        self._impl_obj.goto(
        ^^^^^^^^^^^^^^^^^^^^
            url=url, timeout=timeout, waitUntil=wait_until, referer=referer
            ^^^^^^^^^^^^^^^^^^^^^^^^^^^^^^^^^^^^^^^^^^^^^^^^^^^^^^^^^^^^^^^
        )
        ^
    )
    ^
  File "C:\Users\ASUS\AppData\Local\Programs\Python\Python313\Lib\site-packages\playwright\_impl\_sync_base.py", line 115, in _sync
    return task.result()
           ~~~~~~~~~~~^^
  File "C:\Users\ASUS\AppData\Local\Programs\Python\Python313\Lib\site-packages\playwright\_impl\_page.py", line 553, in goto
    return await self._main_frame.goto(**locals_to_params(locals()))
           ^^^^^^^^^^^^^^^^^^^^^^^^^^^^^^^^^^^^^^^^^^^^^^^^^^^^^^^^^
  File "C:\Users\ASUS\AppData\Local\Programs\Python\Python313\Lib\site-packages\playwright\_impl\_frame.py", line 145, in goto
    await self._channel.send("goto", locals_to_params(locals()))
  File "C:\Users\ASUS\AppData\Local\Programs\Python\Python313\Lib\site-packages\playwright\_impl\_connection.py", line 59, in send
    return await self._connection.wrap_api_call(
           ^^^^^^^^^^^^^^^^^^^^^^^^^^^^^^^^^^^^^
        lambda: self.inner_send(method, params, False)
        ^^^^^^^^^^^^^^^^^^^^^^^^^^^^^^^^^^^^^^^^^^^^^^
    )
    ^
  File "C:\Users\ASUS\AppData\Local\Programs\Python\Python313\Lib\site-packages\playwright\_impl\_connection.py", line 520, in wrap_api_call
    raise rewrite_error(error, f"{parsed_st['apiName']}: {error}") from None
playwright._impl._errors.TimeoutError: Page.goto: Timeout 30000ms exceeded.
Call log:
navigating to "https://dsep-portal-test.minmetals.com.cn/portal/signin", waiting until "load"

[PLAYBACK] FAILED;SCREENSHOT=none
